<?xml version="1.0" encoding="UTF-8"?>
<!-- Generated by org.testng.reporters.JUnitXMLReporter -->
<testsuite ignored="0" hostname="AARONEVANS1ACF" failures="0" tests="4" name="Default test" time="24.331" errors="0" timestamp="2021-01-21T11:03:57 MST">
  <testcase classname="webdrivertraining.BrowserDriverTests" name="launchChrome" time="6.03"/>
  <testcase classname="webdrivertraining.BrowserDriverTests" name="launchEdge" time="5.521"/>
  <testcase classname="webdrivertraining.BrowserDriverTests" name="launchFirefox" time="9.288"/>
  <testcase classname="webdrivertraining.BrowserDriverTests" name="launchIE" time="3.452"/>
</testsuite> <!-- Default test -->
