<?xml version="1.0" encoding="UTF-8"?>
<!-- Generated by org.testng.reporters.JUnitXMLReporter -->
<testsuite ignored="0" hostname="AARONEVANS1ACF" failures="0" tests="5" name="Default test" time="29.901" errors="0" timestamp="2021-01-21T17:56:07 MST">
  <testcase classname="webdrivertraining.BrowserFactoryTest" name="testCreateChromeDriver" time="5.951"/>
  <testcase classname="webdrivertraining.BrowserFactoryTest" name="testCreateDefaultDriver" time="4.879"/>
  <testcase classname="webdrivertraining.BrowserFactoryTest" name="testCreateEdgeDriver" time="7.154"/>
  <testcase classname="webdrivertraining.BrowserFactoryTest" name="testCreateFirefoxDriver" time="8.717"/>
  <testcase classname="webdrivertraining.BrowserFactoryTest" name="testCreateIEDriver" time="3.159"/>
</testsuite> <!-- Default test -->
