<?xml version="1.0" encoding="UTF-8"?>
<testng-results ignored="0" total="1" passed="1" failed="0" skipped="0">
  <reporter-output>
  </reporter-output>
  <suite started-at="2021-01-26T11:15:50 MST" name="Default suite" finished-at="2021-01-26T11:16:06 MST" duration-ms="15997">
    <groups>
    </groups>
    <test started-at="2021-01-26T11:15:50 MST" name="Default test" finished-at="2021-01-26T11:16:06 MST" duration-ms="15997">
      <class name="webdriverbasicsPartI.BMICalculate">
        <test-method is-config="true" signature="beforeTest()[pri:0, instance:webdriverbasicsPartI.BMICalculate@6e509ffa]" started-at="2021-01-26T11:15:50 MST" name="beforeTest" finished-at="2021-01-26T11:15:54 MST" duration-ms="4363" status="PASS">
          <reporter-output>
          </reporter-output>
        </test-method> <!-- beforeTest -->
        <test-method signature="testWebElementCommands()[pri:0, instance:webdriverbasicsPartI.BMICalculate@6e509ffa]" started-at="2021-01-26T11:15:54 MST" name="testWebElementCommands" finished-at="2021-01-26T11:16:06 MST" duration-ms="11599" status="PASS">
          <reporter-output>
          </reporter-output>
        </test-method> <!-- testWebElementCommands -->
        <test-method is-config="true" signature="afterTest()[pri:0, instance:webdriverbasicsPartI.BMICalculate@6e509ffa]" started-at="2021-01-26T11:16:06 MST" name="afterTest" finished-at="2021-01-26T11:16:06 MST" duration-ms="0" status="PASS">
          <reporter-output>
          </reporter-output>
        </test-method> <!-- afterTest -->
      </class> <!-- webdriverbasicsPartI.BMICalculate -->
    </test> <!-- Default test -->
  </suite> <!-- Default suite -->
</testng-results>
