<?xml version="1.0" encoding="UTF-8"?>
<testng-results ignored="0" total="5" passed="5" failed="0" skipped="0">
  <reporter-output>
  </reporter-output>
  <suite started-at="2021-01-21T17:55:37 MST" name="Default suite" finished-at="2021-01-21T17:56:07 MST" duration-ms="29901">
    <groups>
    </groups>
    <test started-at="2021-01-21T17:55:37 MST" name="Default test" finished-at="2021-01-21T17:56:07 MST" duration-ms="29901">
      <class name="webdrivertraining.BrowserFactoryTest">
        <test-method signature="testCreateChromeDriver()[pri:0, instance:webdrivertraining.BrowserFactoryTest@6ab778a]" started-at="2021-01-21T17:55:37 MST" name="testCreateChromeDriver" finished-at="2021-01-21T17:55:43 MST" duration-ms="5951" status="PASS">
          <reporter-output>
          </reporter-output>
        </test-method> <!-- testCreateChromeDriver -->
        <test-method signature="testCreateDefaultDriver()[pri:0, instance:webdrivertraining.BrowserFactoryTest@6ab778a]" started-at="2021-01-21T17:55:43 MST" name="testCreateDefaultDriver" finished-at="2021-01-21T17:55:48 MST" duration-ms="4879" status="PASS">
          <reporter-output>
          </reporter-output>
        </test-method> <!-- testCreateDefaultDriver -->
        <test-method signature="testCreateEdgeDriver()[pri:0, instance:webdrivertraining.BrowserFactoryTest@6ab778a]" started-at="2021-01-21T17:55:48 MST" name="testCreateEdgeDriver" finished-at="2021-01-21T17:55:55 MST" duration-ms="7154" status="PASS">
          <reporter-output>
          </reporter-output>
        </test-method> <!-- testCreateEdgeDriver -->
        <test-method signature="testCreateFirefoxDriver()[pri:0, instance:webdrivertraining.BrowserFactoryTest@6ab778a]" started-at="2021-01-21T17:55:55 MST" name="testCreateFirefoxDriver" finished-at="2021-01-21T17:56:04 MST" duration-ms="8717" status="PASS">
          <reporter-output>
          </reporter-output>
        </test-method> <!-- testCreateFirefoxDriver -->
        <test-method signature="testCreateIEDriver()[pri:0, instance:webdrivertraining.BrowserFactoryTest@6ab778a]" started-at="2021-01-21T17:56:04 MST" name="testCreateIEDriver" finished-at="2021-01-21T17:56:07 MST" duration-ms="3159" status="PASS">
          <reporter-output>
          </reporter-output>
        </test-method> <!-- testCreateIEDriver -->
      </class> <!-- webdrivertraining.BrowserFactoryTest -->
    </test> <!-- Default test -->
  </suite> <!-- Default suite -->
</testng-results>
